#
# There is insufficient memory for the Java Runtime Environment to continue.
# Native memory allocation (malloc) failed to allocate 32744 bytes for ChunkPool::allocate
# Possible reasons:
#   The system is out of physical RAM or swap space
#   In 32 bit mode, the process size limit was hit
# Possible solutions:
#   Reduce memory load on the system
#   Increase physical memory or swap space
#   Check if swap backing store is full
#   Use 64 bit Java on a 64 bit OS
#   Decrease Java heap size (-Xmx/-Xms)
#   Decrease number of Java threads
#   Decrease Java thread stack sizes (-Xss)
#   Set larger code cache with -XX:ReservedCodeCacheSize=
# This output file may be truncated or incomplete.
#
#  Out of Memory Error (allocation.cpp:273), pid=14204, tid=0x0000000000003f2c
#
# JRE version: Java(TM) SE Runtime Environment (8.0_131-b11) (build 1.8.0_131-b11)
# Java VM: Java HotSpot(TM) 64-Bit Server VM (25.131-b11 mixed mode windows-amd64 compressed oops)
# Failed to write core dump. Minidumps are not enabled by default on client versions of Windows
#

---------------  T H R E A D  ---------------

Current thread (0x0000000028cfe000):  JavaThread "C1 CompilerThread3" daemon [_thread_in_native, id=16172, stack(0x0000000029290000,0x0000000029390000)]

Stack: [0x0000000029290000,0x0000000029390000]
[error occurred during error reporting (printing stack bounds), id 0xc0000005]

Native frames: (J=compiled Java code, j=interpreted, Vv=VM code, C=native code)


Current CompileTask:
C1:  52141 4368   !   3       com.sun.javafx.tk.quantum.PresentingPainter::run (675 bytes)


---------------  P R O C E S S  ---------------

Java Threads: ( => current thread )
  0x000000002b013000 JavaThread "pool-3-thread-1" [_thread_blocked, id=11968, stack(0x0000000067700000,0x0000000067800000)]
  0x000000002b010800 JavaThread "Java2D Disposer" daemon [_thread_blocked, id=21952, stack(0x0000000048900000,0x0000000048a00000)]
  0x000000002b014800 JavaThread "JavaCPP Deallocator" daemon [_thread_blocked, id=17316, stack(0x00000000343c0000,0x00000000344c0000)]
  0x0000000029af3000 JavaThread "Prism Font Disposer" daemon [_thread_blocked, id=19516, stack(0x00000000338c0000,0x00000000339c0000)]
  0x000000002977b800 JavaThread "JavaFX-Launcher" [_thread_blocked, id=13704, stack(0x00000000303a0000,0x00000000304a0000)]
  0x000000002996d000 JavaThread "Thread-2" daemon [_thread_in_native, id=20328, stack(0x00000000302a0000,0x00000000303a0000)]
  0x0000000029ef3800 JavaThread "JavaFX Application Thread" [_thread_in_native, id=8616, stack(0x000000002ab20000,0x000000002ac20000)]
  0x0000000029d01000 JavaThread "Thread-1" daemon [_thread_blocked, id=9940, stack(0x000000002aa20000,0x000000002ab20000)]
  0x0000000029f49000 JavaThread "QuantumRenderer-0" daemon [_thread_blocked, id=14416, stack(0x000000002a6b0000,0x000000002a7b0000)]
  0x0000000028d2f000 JavaThread "Service Thread" daemon [_thread_blocked, id=23164, stack(0x0000000029390000,0x0000000029490000)]
=>0x0000000028cfe000 JavaThread "C1 CompilerThread3" daemon [_thread_in_native, id=16172, stack(0x0000000029290000,0x0000000029390000)]
  0x0000000028cfd000 JavaThread "C2 CompilerThread2" daemon [_thread_blocked, id=11004, stack(0x0000000029190000,0x0000000029290000)]
  0x0000000028c6a000 JavaThread "C2 CompilerThread1" daemon [_thread_blocked, id=23276, stack(0x0000000029090000,0x0000000029190000)]
  0x0000000028c69800 JavaThread "C2 CompilerThread0" daemon [_thread_blocked, id=12016, stack(0x0000000028f90000,0x0000000029090000)]
  0x0000000028c68000 JavaThread "Monitor Ctrl-Break" daemon [_thread_in_native, id=22616, stack(0x0000000028e90000,0x0000000028f90000)]
  0x0000000027fcb000 JavaThread "Attach Listener" daemon [_thread_blocked, id=17160, stack(0x0000000028590000,0x0000000028690000)]
  0x0000000027fca800 JavaThread "Signal Dispatcher" daemon [_thread_blocked, id=3104, stack(0x0000000028490000,0x0000000028590000)]
  0x0000000026059000 JavaThread "Finalizer" daemon [_thread_blocked, id=18600, stack(0x0000000028330000,0x0000000028430000)]
  0x0000000026052000 JavaThread "Reference Handler" daemon [_thread_blocked, id=22148, stack(0x0000000027e30000,0x0000000027f30000)]
  0x0000000002de8800 JavaThread "main" [_thread_blocked, id=13592, stack(0x0000000002ce0000,0x0000000002de0000)]

Other Threads:
  0x000000002604a000 VMThread [stack: 0x0000000027d30000,0x0000000027e30000] [id=3048]
  0x0000000028d41000 WatcherThread [stack: 0x000000002a460000,0x000000002a560000] [id=14548]

VM state:not at safepoint (normal execution)

VM Mutex/Monitor currently owned by a thread: None

Heap:
 PSYoungGen      total 1675264K, used 1402277K [0x0000000715580000, 0x0000000796680000, 0x00000007c0000000)
  eden space 1500672K, 93% used [0x0000000715580000,0x000000076aee97d8,0x0000000770f00000)
  from space 174592K, 0% used [0x000000077b980000,0x000000077b980000,0x0000000786400000)
  to   space 174592K, 0% used [0x0000000770f00000,0x0000000770f00000,0x000000077b980000)
 ParOldGen       total 2796544K, used 14359K [0x00000005c0000000, 0x000000066ab00000, 0x0000000715580000)
  object space 2796544K, 0% used [0x00000005c0000000,0x00000005c0e05f00,0x000000066ab00000)
 Metaspace       used 36699K, capacity 37486K, committed 37848K, reserved 1083392K
  class space    used 4012K, capacity 4231K, committed 4312K, reserved 1048576K

Card table byte_map: [0x00000000123a0000,0x00000000133b0000] byte_map_base: 0x000000000f5a0000

Marking Bits: (ParMarkBitMap*) 0x00000000778ec720
 Begin Bits: [0x0000000014660000, 0x000000001c660000)
 End Bits:   [0x000000001c660000, 0x0000000024660000)

Polling page: 0x0000000000f20000

CodeCache: size=245760Kb used=12715Kb max_used=12715Kb free=233044Kb
 bounds [0x0000000002fe0000, 0x0000000003c60000, 0x0000000011fe0000]
 total_blobs=5406 nmethods=3859 adapters=1458
 compilation: enabled

Compilation events (10 events):
Event: 51.843 Thread 0x0000000028cfe000 nmethod 4363 0x0000000003c51150 code [0x0000000003c514c0, 0x0000000003c53128]
Event: 51.855 Thread 0x0000000028cfe000 4364       3       com.sun.prism.d3d.D3DContext::validatePresent (36 bytes)
Event: 51.855 Thread 0x0000000028cfe000 nmethod 4364 0x0000000003c540d0 code [0x0000000003c54260, 0x0000000003c54608]
Event: 51.986 Thread 0x0000000028cfe000 4365       3       java.lang.Exception::<init> (6 bytes)
Event: 51.987 Thread 0x0000000028cfe000 nmethod 4365 0x0000000003c54710 code [0x0000000003c54880, 0x0000000003c54be8]
Event: 52.109 Thread 0x0000000028cfe000 4366   !   3       com.sun.javafx.tk.quantum.QuantumToolkit::addRenderJob (72 bytes)
Event: 52.112 Thread 0x0000000028cfe000 nmethod 4366 0x0000000003c54d10 code [0x0000000003c54f80, 0x0000000003c562b8]
Event: 52.112 Thread 0x0000000028cfe000 4367       3       com.sun.javafx.tk.quantum.QuantumRenderer::submitRenderJob (6 bytes)
Event: 52.113 Thread 0x0000000028cfe000 nmethod 4367 0x0000000003c56b10 code [0x0000000003c56ca0, 0x0000000003c570d8]
Event: 52.113 Thread 0x0000000028cfe000 4368   !   3       com.sun.javafx.tk.quantum.PresentingPainter::run (675 bytes)

GC Heap History (10 events):
Event: 3.173 GC heap before
{Heap before GC invocations=2 (full 1):
 PSYoungGen      total 1223168K, used 12753K [0x0000000715580000, 0x000000076aa80000, 0x00000007c0000000)
  eden space 1048576K, 0% used [0x0000000715580000,0x0000000715580000,0x0000000755580000)
  from space 174592K, 7% used [0x0000000755580000,0x00000007561f45d0,0x0000000760000000)
  to   space 174592K, 0% used [0x0000000760000000,0x0000000760000000,0x000000076aa80000)
 ParOldGen       total 2796544K, used 80K [0x00000005c0000000, 0x000000066ab00000, 0x0000000715580000)
  object space 2796544K, 0% used [0x00000005c0000000,0x00000005c0014010,0x000000066ab00000)
 Metaspace       used 20662K, capacity 21126K, committed 21248K, reserved 1067008K
  class space    used 2561K, capacity 2747K, committed 2816K, reserved 1048576K
Event: 3.196 GC heap after
Heap after GC invocations=2 (full 1):
 PSYoungGen      total 1223168K, used 0K [0x0000000715580000, 0x000000076aa80000, 0x00000007c0000000)
  eden space 1048576K, 0% used [0x0000000715580000,0x0000000715580000,0x0000000755580000)
  from space 174592K, 0% used [0x0000000755580000,0x0000000755580000,0x0000000760000000)
  to   space 174592K, 0% used [0x0000000760000000,0x0000000760000000,0x000000076aa80000)
 ParOldGen       total 2796544K, used 12463K [0x00000005c0000000, 0x000000066ab00000, 0x0000000715580000)
  object space 2796544K, 0% used [0x00000005c0000000,0x00000005c0c2bfe8,0x000000066ab00000)
 Metaspace       used 20662K, capacity 21126K, committed 21248K, reserved 1067008K
  class space    used 2561K, capacity 2747K, committed 2816K, reserved 1048576K
}
Event: 21.706 GC heap before
{Heap before GC invocations=3 (full 1):
 PSYoungGen      total 1223168K, used 1048576K [0x0000000715580000, 0x000000076aa80000, 0x00000007c0000000)
  eden space 1048576K, 100% used [0x0000000715580000,0x0000000755580000,0x0000000755580000)
  from space 174592K, 0% used [0x0000000755580000,0x0000000755580000,0x0000000760000000)
  to   space 174592K, 0% used [0x0000000760000000,0x0000000760000000,0x000000076aa80000)
 ParOldGen       total 2796544K, used 12463K [0x00000005c0000000, 0x000000066ab00000, 0x0000000715580000)
  object space 2796544K, 0% used [0x00000005c0000000,0x00000005c0c2bfe8,0x000000066ab00000)
 Metaspace       used 26169K, capacity 26668K, committed 27008K, reserved 1073152K
  class space    used 2936K, capacity 3100K, committed 3200K, reserved 1048576K
Event: 21.784 GC heap after
Heap after GC invocations=3 (full 1):
 PSYoungGen      total 1223168K, used 132924K [0x0000000715580000, 0x000000077e200000, 0x00000007c0000000)
  eden space 1048576K, 0% used [0x0000000715580000,0x0000000715580000,0x0000000755580000)
  from space 174592K, 76% used [0x0000000760000000,0x00000007681cf238,0x000000076aa80000)
  to   space 174592K, 0% used [0x0000000755580000,0x0000000755580000,0x0000000760000000)
 ParOldGen       total 2796544K, used 12471K [0x00000005c0000000, 0x000000066ab00000, 0x0000000715580000)
  object space 2796544K, 0% used [0x00000005c0000000,0x00000005c0c2dfe8,0x000000066ab00000)
 Metaspace       used 26169K, capacity 26668K, committed 27008K, reserved 1073152K
  class space    used 2936K, capacity 3100K, committed 3200K, reserved 1048576K
}
Event: 26.881 GC heap before
{Heap before GC invocations=4 (full 1):
 PSYoungGen      total 1223168K, used 1180648K [0x0000000715580000, 0x000000077e200000, 0x00000007c0000000)
  eden space 1048576K, 99% used [0x0000000715580000,0x00000007554ab048,0x0000000755580000)
  from space 174592K, 76% used [0x0000000760000000,0x00000007681cf238,0x000000076aa80000)
  to   space 174592K, 0% used [0x0000000755580000,0x0000000755580000,0x0000000760000000)
 ParOldGen       total 2796544K, used 12471K [0x00000005c0000000, 0x000000066ab00000, 0x0000000715580000)
  object space 2796544K, 0% used [0x00000005c0000000,0x00000005c0c2dfe8,0x000000066ab00000)
 Metaspace       used 34310K, capacity 35062K, committed 35416K, reserved 1081344K
  class space    used 3865K, capacity 4099K, committed 4184K, reserved 1048576K
Event: 26.932 GC heap after
Heap after GC invocations=4 (full 1):
 PSYoungGen      total 1223168K, used 94276K [0x0000000715580000, 0x0000000786400000, 0x00000007c0000000)
  eden space 1048576K, 0% used [0x0000000715580000,0x0000000715580000,0x0000000755580000)
  from space 174592K, 53% used [0x0000000755580000,0x000000075b191368,0x0000000760000000)
  to   space 174592K, 0% used [0x000000077b980000,0x000000077b980000,0x0000000786400000)
 ParOldGen       total 2796544K, used 12479K [0x00000005c0000000, 0x000000066ab00000, 0x0000000715580000)
  object space 2796544K, 0% used [0x00000005c0000000,0x00000005c0c2ffe8,0x000000066ab00000)
 Metaspace       used 34310K, capacity 35062K, committed 35416K, reserved 1081344K
  class space    used 3865K, capacity 4099K, committed 4184K, reserved 1048576K
}
Event: 26.996 GC heap before
{Heap before GC invocations=5 (full 1):
 PSYoungGen      total 1223168K, used 174750K [0x0000000715580000, 0x0000000786400000, 0x00000007c0000000)
  eden space 1048576K, 7% used [0x0000000715580000,0x000000071a416610,0x0000000755580000)
  from space 174592K, 53% used [0x0000000755580000,0x000000075b191368,0x0000000760000000)
  to   space 174592K, 0% used [0x000000077b980000,0x000000077b980000,0x0000000786400000)
 ParOldGen       total 2796544K, used 12479K [0x00000005c0000000, 0x000000066ab00000, 0x0000000715580000)
  object space 2796544K, 0% used [0x00000005c0000000,0x00000005c0c2ffe8,0x000000066ab00000)
 Metaspace       used 34499K, capacity 35196K, committed 35416K, reserved 1081344K
  class space    used 3879K, capacity 4100K, committed 4184K, reserved 1048576K
Event: 27.000 GC heap after
Heap after GC invocations=5 (full 1):
 PSYoungGen      total 1675264K, used 8500K [0x0000000715580000, 0x0000000796680000, 0x00000007c0000000)
  eden space 1500672K, 0% used [0x0000000715580000,0x0000000715580000,0x0000000770f00000)
  from space 174592K, 4% used [0x000000077b980000,0x000000077c1cd050,0x0000000786400000)
  to   space 174592K, 0% used [0x0000000770f00000,0x0000000770f00000,0x000000077b980000)
 ParOldGen       total 2796544K, used 12487K [0x00000005c0000000, 0x000000066ab00000, 0x0000000715580000)
  object space 2796544K, 0% used [0x00000005c0000000,0x00000005c0c31fe8,0x000000066ab00000)
 Metaspace       used 34499K, capacity 35196K, committed 35416K, reserved 1081344K
  class space    used 3879K, capacity 4100K, committed 4184K, reserved 1048576K
}
Event: 27.000 GC heap before
{Heap before GC invocations=6 (full 2):
 PSYoungGen      total 1675264K, used 8500K [0x0000000715580000, 0x0000000796680000, 0x00000007c0000000)
  eden space 1500672K, 0% used [0x0000000715580000,0x0000000715580000,0x0000000770f00000)
  from space 174592K, 4% used [0x000000077b980000,0x000000077c1cd050,0x0000000786400000)
  to   space 174592K, 0% used [0x0000000770f00000,0x0000000770f00000,0x000000077b980000)
 ParOldGen       total 2796544K, used 12487K [0x00000005c0000000, 0x000000066ab00000, 0x0000000715580000)
  object space 2796544K, 0% used [0x00000005c0000000,0x00000005c0c31fe8,0x000000066ab00000)
 Metaspace       used 34499K, capacity 35196K, committed 35416K, reserved 1081344K
  class space    used 3879K, capacity 4100K, committed 4184K, reserved 1048576K
Event: 27.038 GC heap after
Heap after GC invocations=6 (full 2):
 PSYoungGen      total 1675264K, used 0K [0x0000000715580000, 0x0000000796680000, 0x00000007c0000000)
  eden space 1500672K, 0% used [0x0000000715580000,0x0000000715580000,0x0000000770f00000)
  from space 174592K, 0% used [0x000000077b980000,0x000000077b980000,0x0000000786400000)
  to   space 174592K, 0% used [0x0000000770f00000,0x0000000770f00000,0x000000077b980000)
 ParOldGen       total 2796544K, used 14359K [0x00000005c0000000, 0x000000066ab00000, 0x0000000715580000)
  object space 2796544K, 0% used [0x00000005c0000000,0x00000005c0e05f00,0x000000066ab00000)
 Metaspace       used 34499K, capacity 35196K, committed 35416K, reserved 1081344K
  class space    used 3879K, capacity 4100K, committed 4184K, reserved 1048576K
}

Deoptimization events (10 events):
Event: 27.581 Thread 0x000000002b00f000 Uncommon trap: reason=class_check action=maybe_recompile pc=0x0000000003176354 method=java.util.jar.JarFile.maybeInstantiateVerifier()V @ 79
Event: 27.615 Thread 0x000000002b00f000 Uncommon trap: reason=unstable_if action=reinterpret pc=0x000000000364c2c0 method=java.security.MessageDigest.isEqual([B[B)Z @ 12
Event: 28.806 Thread 0x000000002b00f000 Uncommon trap: reason=unstable_if action=reinterpret pc=0x00000000038def94 method=org.bytedeco.javacv.Java2DFrameConverter.flipCopyWithGamma(Ljava/nio/ByteBuffer;ILjava/nio/ByteBuffer;IZDZI)V @ 50
Event: 35.470 Thread 0x0000000029f49000 Uncommon trap: reason=unstable_if action=reinterpret pc=0x0000000003b8bd90 method=com.sun.javafx.geom.transform.AffineBase.updateState2D()V @ 51
Event: 35.470 Thread 0x0000000029f49000 Uncommon trap: reason=unstable_if action=reinterpret pc=0x000000000365fb80 method=com.sun.prism.d3d.D3DTextureResource.isValid()Z @ 4
Event: 38.339 Thread 0x000000002b00f000 Uncommon trap: reason=unstable_if action=reinterpret pc=0x0000000003bb4638 method=sun.misc.FloatingDecimal$BinaryToASCIIBuffer.dtoa(IJIZ)V @ 1056
Event: 42.226 Thread 0x000000002b00f000 Uncommon trap: reason=class_check action=maybe_recompile pc=0x00000000036b2260 method=java.util.Collections$SetFromMap.add(Ljava/lang/Object;)Z @ 8
Event: 42.227 Thread 0x000000002b00f000 Uncommon trap: reason=class_check action=maybe_recompile pc=0x00000000036b2260 method=java.util.Collections$SetFromMap.add(Ljava/lang/Object;)Z @ 8
Event: 48.432 Thread 0x0000000029ef3800 Uncommon trap: reason=unstable_if action=reinterpret pc=0x00000000033e024c method=com.sun.javafx.geom.RectBounds.deriveWithNewBounds(Lcom/sun/javafx/geom/BaseBounds;)Lcom/sun/javafx/geom/BaseBounds; @ 4
Event: 49.705 Thread 0x0000000029ef3800 Uncommon trap: reason=unstable_if action=reinterpret pc=0x0000000003c31850 method=javafx.scene.Node.impl_intersectsBounds(Lcom/sun/javafx/geom/PickRay;)D @ 107

Internal exceptions (10 events):
Event: 51.920 Thread 0x000000002b013000 Exception <a 'org/opencv/core/CvException': cv::Exception: C:\build\master_winpack-bindings-win64-vc14-static\opencv\modules\core\src\matrix.cpp:433: error: (-215) u != 0 in function cv::Mat::create
> (0x000000076a1ee968) thrown at [C:\re\workspace\8-2-bu
Event: 51.920 Thread 0x000000002b013000 Exception <a 'java/lang/Exception': unknown exception> (0x000000076a2d0b50) thrown at [C:\re\workspace\8-2-build-windows-amd64-cygwin\jdk8u131\8869\hotspot\src\share\vm\prims\jni.cpp, line 735]
Event: 51.954 Thread 0x000000002b013000 Exception <a 'org/opencv/core/CvException': cv::Exception: C:\build\master_winpack-bindings-win64-vc14-static\opencv\modules\core\src\matrix.cpp:433: error: (-215) u != 0 in function cv::Mat::create
> (0x000000076a2d13d8) thrown at [C:\re\workspace\8-2-bu
Event: 51.955 Thread 0x000000002b013000 Exception <a 'java/lang/Exception': unknown exception> (0x000000076a3b35c0) thrown at [C:\re\workspace\8-2-build-windows-amd64-cygwin\jdk8u131\8869\hotspot\src\share\vm\prims\jni.cpp, line 735]
Event: 51.986 Thread 0x000000002b013000 Exception <a 'org/opencv/core/CvException': cv::Exception: C:\build\master_winpack-bindings-win64-vc14-static\opencv\modules\core\src\matrix.cpp:433: error: (-215) u != 0 in function cv::Mat::create
> (0x000000076a3b3e48) thrown at [C:\re\workspace\8-2-bu
Event: 51.987 Thread 0x000000002b013000 Exception <a 'java/lang/Exception': unknown exception> (0x000000076a3b5020) thrown at [C:\re\workspace\8-2-build-windows-amd64-cygwin\jdk8u131\8869\hotspot\src\share\vm\prims\jni.cpp, line 735]
Event: 52.019 Thread 0x000000002b013000 Exception <a 'org/opencv/core/CvException': cv::Exception: C:\build\master_winpack-bindings-win64-vc14-static\opencv\modules\core\src\matrix.cpp:433: error: (-215) u != 0 in function cv::Mat::create
> (0x000000076a3b58a8) thrown at [C:\re\workspace\8-2-bu
Event: 52.020 Thread 0x000000002b013000 Exception <a 'java/lang/Exception': unknown exception> (0x000000076a3b6a80) thrown at [C:\re\workspace\8-2-build-windows-amd64-cygwin\jdk8u131\8869\hotspot\src\share\vm\prims\jni.cpp, line 735]
Event: 52.053 Thread 0x000000002b013000 Exception <a 'org/opencv/core/CvException': cv::Exception: C:\build\master_winpack-bindings-win64-vc14-static\opencv\modules\core\src\matrix.cpp:433: error: (-215) u != 0 in function cv::Mat::create
> (0x000000076a3b7308) thrown at [C:\re\workspace\8-2-bu
Event: 52.053 Thread 0x000000002b013000 Exception <a 'java/lang/Exception': unknown exception> (0x000000076a3b84e0) thrown at [C:\re\workspace\8-2-build-windows-amd64-cygwin\jdk8u131\8869\hotspot\src\share\vm\prims\jni.cpp, line 735]

Events (10 events):
Event: 52.090 Executing VM operation: RevokeBias
Event: 52.090 Executing VM operation: RevokeBias done
Event: 52.090 Executing VM operation: RevokeBias
Event: 52.091 Executing VM operation: RevokeBias done
Event: 52.091 Executing VM operation: RevokeBias
Event: 52.091 Executing VM operation: RevokeBias done
Event: 52.091 Executing VM operation: RevokeBias
Event: 52.091 Executing VM operation: RevokeBias done
Event: 52.091 Executing VM operation: RevokeBias
Event: 52.091 Executing VM operation: RevokeBias done


Dynamic libraries:
0x00007ff63c630000 - 0x00007ff63c667000 	C:\Program Files\Java\jdk1.8.0_131\bin\java.exe
0x00007ffa41cf0000 - 0x00007ffa41ecb000 	C:\WINDOWS\SYSTEM32\ntdll.dll
0x00007ffa41c40000 - 0x00007ffa41cee000 	C:\WINDOWS\System32\KERNEL32.DLL
0x00007ffa3e890000 - 0x00007ffa3ead9000 	C:\WINDOWS\System32\KERNELBASE.dll
0x00000000515f0000 - 0x0000000051679000 	C:\WINDOWS\System32\SYSFER.DLL
0x00007ffa40b90000 - 0x00007ffa40c31000 	C:\WINDOWS\System32\ADVAPI32.dll
0x00007ffa40cb0000 - 0x00007ffa40d4d000 	C:\WINDOWS\System32\msvcrt.dll
0x00007ffa413c0000 - 0x00007ffa41419000 	C:\WINDOWS\System32\sechost.dll
0x00007ffa41b10000 - 0x00007ffa41c35000 	C:\WINDOWS\System32\RPCRT4.dll
0x00007ffa41700000 - 0x00007ffa4184a000 	C:\WINDOWS\System32\USER32.dll
0x00007ffa3e6c0000 - 0x00007ffa3e6de000 	C:\WINDOWS\System32\win32u.dll
0x00007ffa415c0000 - 0x00007ffa415e7000 	C:\WINDOWS\System32\GDI32.dll
0x00007ffa3e360000 - 0x00007ffa3e4e8000 	C:\WINDOWS\System32\gdi32full.dll
0x00007ffa3e210000 - 0x00007ffa3e2aa000 	C:\WINDOWS\System32\msvcp_win.dll
0x00007ffa3e790000 - 0x00007ffa3e886000 	C:\WINDOWS\System32\ucrtbase.dll
0x00007ffa2b070000 - 0x00007ffa2b2d7000 	C:\WINDOWS\WinSxS\amd64_microsoft.windows.common-controls_6595b64144ccf1df_6.0.15063.483_none_26002d27e7c744a2\COMCTL32.dll
0x00007ffa410c0000 - 0x00007ffa413b9000 	C:\WINDOWS\System32\combase.dll
0x00007ffa3eae0000 - 0x00007ffa3eb4a000 	C:\WINDOWS\System32\bcryptPrimitives.dll
0x00007ffa419d0000 - 0x00007ffa419fd000 	C:\WINDOWS\System32\IMM32.DLL
0x0000000077970000 - 0x0000000077a42000 	C:\Program Files\Java\jdk1.8.0_131\jre\bin\msvcr100.dll
0x00000000770d0000 - 0x000000007796c000 	C:\Program Files\Java\jdk1.8.0_131\jre\bin\server\jvm.dll
0x00007ffa419b0000 - 0x00007ffa419b8000 	C:\WINDOWS\System32\PSAPI.DLL
0x00007ffa2c9c0000 - 0x00007ffa2c9c9000 	C:\WINDOWS\SYSTEM32\WSOCK32.dll
0x00007ffa415f0000 - 0x00007ffa4165c000 	C:\WINDOWS\System32\WS2_32.dll
0x00007ffa37170000 - 0x00007ffa37193000 	C:\WINDOWS\SYSTEM32\WINMM.dll
0x00007ffa33340000 - 0x00007ffa3334a000 	C:\WINDOWS\SYSTEM32\VERSION.dll
0x00007ffa37110000 - 0x00007ffa3713b000 	C:\WINDOWS\SYSTEM32\WINMMBASE.dll
0x00007ffa3e6e0000 - 0x00007ffa3e729000 	C:\WINDOWS\System32\cfgmgr32.dll
0x0000000077f10000 - 0x0000000077f1f000 	C:\Program Files\Java\jdk1.8.0_131\jre\bin\verify.dll
0x00000000770a0000 - 0x00000000770c9000 	C:\Program Files\Java\jdk1.8.0_131\jre\bin\java.dll
0x0000000076e00000 - 0x0000000076e23000 	C:\Program Files\Java\jdk1.8.0_131\jre\bin\instrument.dll
0x0000000077050000 - 0x0000000077066000 	C:\Program Files\Java\jdk1.8.0_131\jre\bin\zip.dll
0x00007ffa3f690000 - 0x00007ffa40ac7000 	C:\WINDOWS\System32\SHELL32.dll
0x00007ffa41010000 - 0x00007ffa410ba000 	C:\WINDOWS\System32\shcore.dll
0x00007ffa3eb50000 - 0x00007ffa3f243000 	C:\WINDOWS\System32\windows.storage.dll
0x00007ffa418d0000 - 0x00007ffa41921000 	C:\WINDOWS\System32\shlwapi.dll
0x00007ffa3e1a0000 - 0x00007ffa3e1b1000 	C:\WINDOWS\System32\kernel.appcore.dll
0x00007ffa3e1c0000 - 0x00007ffa3e20c000 	C:\WINDOWS\System32\powrprof.dll
0x00007ffa3e160000 - 0x00007ffa3e175000 	C:\WINDOWS\System32\profapi.dll
0x00007ffa3b0a0000 - 0x00007ffa3b0ba000 	C:\Program Files\JetBrains\IntelliJ IDEA Community Edition 2017.2\bin\breakgen64.dll
0x0000000076de0000 - 0x0000000076dfa000 	C:\Program Files\Java\jdk1.8.0_131\jre\bin\net.dll
0x00007ffa3da70000 - 0x00007ffa3dacc000 	C:\WINDOWS\system32\mswsock.dll
0x00007ffa29620000 - 0x00007ffa2970f000 	C:\Program Files\Java\jdk1.8.0_131\jre\bin\msvcr120.dll
0x00007ffa34740000 - 0x00007ffa347e6000 	C:\Program Files\Java\jdk1.8.0_131\jre\bin\msvcp120.dll
0x0000000075bc0000 - 0x0000000075be2000 	C:\Program Files\Java\jdk1.8.0_131\jre\bin\prism_d3d.dll
0x00007ffa1b6d0000 - 0x00007ffa1b859000 	C:\WINDOWS\system32\d3d9.dll
0x00007ffa35c80000 - 0x00007ffa35caa000 	C:\WINDOWS\SYSTEM32\dwmapi.dll
0x00007ffa3c8c0000 - 0x00007ffa3c955000 	C:\WINDOWS\system32\uxtheme.dll
0x00007ffa09ec0000 - 0x00007ffa0f6a4000 	C:\WINDOWS\System32\DriverStore\FileRepository\igdlh64.inf_amd64_77c71c7a18780f10\igdumdim64.dll
0x00007ffa40ad0000 - 0x00007ffa40b90000 	C:\WINDOWS\System32\OLEAUT32.dll
0x00007ffa40d50000 - 0x00007ffa40e95000 	C:\WINDOWS\System32\ole32.dll
0x00007ffa3f250000 - 0x00007ffa3f68b000 	C:\WINDOWS\System32\SETUPAPI.dll
0x0000000075b70000 - 0x0000000075bb3000 	C:\Program Files\Java\jdk1.8.0_131\jre\bin\glass.dll
0x00007ffa41a00000 - 0x00007ffa41b08000 	C:\WINDOWS\System32\COMDLG32.dll
0x00007ffa40ea0000 - 0x00007ffa41006000 	C:\WINDOWS\System32\MSCTF.dll
0x00007ffa213a0000 - 0x00007ffa213d9000 	C:\Program Files\Nahimic\Nahimic2\UserInterface\x64\Nahimic2DevProps.dll
0x00007ffa20890000 - 0x00007ffa208dd000 	C:\Program Files\Nahimic\Nahimic2\UserInterface\x64\Nahimic2OSD.dll
0x00007ffa41660000 - 0x00007ffa416fe000 	C:\WINDOWS\System32\clbcatq.dll
0x00007ffa3a070000 - 0x00007ffa3a0d7000 	C:\WINDOWS\System32\MMDevApi.dll
0x00007ffa3cb70000 - 0x00007ffa3cb98000 	C:\WINDOWS\System32\DEVOBJ.dll
0x00007ffa39ed0000 - 0x00007ffa3a066000 	C:\WINDOWS\System32\PROPSYS.dll
0x00007ffa39050000 - 0x00007ffa39155000 	C:\WINDOWS\SYSTEM32\AUDIOSES.DLL
0x00007ffa3bef0000 - 0x00007ffa3c029000 	C:\WINDOWS\SYSTEM32\wintypes.dll
0x00007ffa38fd0000 - 0x00007ffa38fdb000 	C:\WINDOWS\SYSTEM32\AVRT.dll
0x00007ffa30450000 - 0x00007ffa315ac000 	C:\WINDOWS\System32\DriverStore\FileRepository\igdlh64.inf_amd64_77c71c7a18780f10\igc64.dll
0x00007ff9f8c90000 - 0x00007ff9fab87000 	C:\dev-soft\c_include\opencv3.2\build\java\x64\opencv_java320.dll
0x00007ffa37300000 - 0x00007ffa37329000 	C:\WINDOWS\SYSTEM32\MSVFW32.dll
0x00007ffa3aae0000 - 0x00007ffa3aaff000 	C:\WINDOWS\SYSTEM32\AVIFIL32.dll
0x00007ffa371f0000 - 0x00007ffa37208000 	C:\WINDOWS\SYSTEM32\AVICAP32.dll
0x00007ffa23f60000 - 0x00007ffa23f7c000 	C:\WINDOWS\SYSTEM32\MSACM32.dll
0x0000000075b50000 - 0x0000000075b64000 	C:\Program Files\Java\jdk1.8.0_131\jre\bin\javafx_font.dll
0x00007ffa2c590000 - 0x00007ffa2c84f000 	C:\WINDOWS\SYSTEM32\dwrite.dll
0x00007ffa34a30000 - 0x00007ffa34bdc000 	C:\WINDOWS\SYSTEM32\WindowsCodecs.dll
0x00007ffa237a0000 - 0x00007ffa237e7000 	C:\WINDOWS\system32\dataexchange.dll
0x00007ffa366a0000 - 0x00007ffa3697f000 	C:\WINDOWS\system32\d3d11.dll
0x00007ffa36a70000 - 0x00007ffa36b92000 	C:\WINDOWS\system32\dcomp.dll
0x00007ffa3cfd0000 - 0x00007ffa3d074000 	C:\WINDOWS\system32\dxgi.dll
0x00007ffa3cba0000 - 0x00007ffa3cd10000 	C:\WINDOWS\system32\twinapi.appcore.dll
0x00007ffa3dd20000 - 0x00007ffa3dd45000 	C:\WINDOWS\system32\bcrypt.dll
0x00007ffa34670000 - 0x00007ffa346a1000 	C:\Program Files\Common Files\Microsoft Shared\Ink\rtscom.dll
0x00007ffa2fa10000 - 0x00007ffa2fa92000 	C:\WINDOWS\System32\TextInputFramework.dll
0x00007ffa33d70000 - 0x00007ffa34042000 	C:\WINDOWS\System32\CoreUIComponents.dll
0x00007ffa36980000 - 0x00007ffa36a63000 	C:\WINDOWS\System32\CoreMessaging.dll
0x00007ffa3d4d0000 - 0x00007ffa3d501000 	C:\WINDOWS\SYSTEM32\ntmarta.dll
0x00007ffa3a3f0000 - 0x00007ffa3a405000 	C:\WINDOWS\SYSTEM32\usermgrcli.dll
0x0000000069480000 - 0x00000000698c2000 	C:\Users\n000000930\.javacpp\cache\nd4j-native-0.8.0-windows-x86_64.jar\org\nd4j\nativeblas\windows-x86_64\libnd4jcpu.dll
0x0000000066880000 - 0x000000006691b000 	C:\Users\n000000930\.javacpp\cache\nd4j-native-0.8.0-windows-x86_64.jar\org\nd4j\nativeblas\windows-x86_64\jnind4jcpu.dll
0x0000000076dc0000 - 0x0000000076dd1000 	C:\Program Files\Java\jdk1.8.0_131\jre\bin\nio.dll
0x000000006d7c0000 - 0x000000006fc22000 	C:\Users\n000000930\.javacpp\cache\openblas-0.2.19-1.3-windows-x86_64.jar\org\bytedeco\javacpp\windows-x86_64\libopenblas.dll
0x0000000067800000 - 0x0000000068599000 	C:\Users\n000000930\.javacpp\cache\openblas-0.2.19-1.3-windows-x86_64.jar\org\bytedeco\javacpp\windows-x86_64\jniopenblas.dll
0x00007ffa373d0000 - 0x00007ffa3746e000 	C:\Program Files\BoshiamyTIP\BoshiamyTIP_x64.dll
0x0000000075b30000 - 0x0000000075b41000 	C:\Program Files\Java\jdk1.8.0_131\jre\bin\prism_common.dll
0x00007ffa372e0000 - 0x00007ffa372f7000 	C:\Windows\System32\devenum.dll
0x00007ffa3e730000 - 0x00007ffa3e786000 	C:\WINDOWS\System32\WINTRUST.dll
0x00007ffa3e180000 - 0x00007ffa3e191000 	C:\WINDOWS\System32\MSASN1.dll
0x00007ffa3e4f0000 - 0x00007ffa3e6b9000 	C:\WINDOWS\System32\CRYPT32.dll
0x00007ffa3b900000 - 0x00007ffa3b90b000 	C:\WINDOWS\SYSTEM32\msdmo.dll
0x00007ffa340a0000 - 0x00007ffa340d2000 	C:\Windows\System32\qcap.dll
0x00007ffa22610000 - 0x00007ffa227cc000 	C:\Windows\System32\quartz.dll
0x00007ff9fab90000 - 0x00007ff9fabdd000 	C:\Windows\System32\mfksproxy.dll
0x00007ffa231a0000 - 0x00007ffa231bc000 	C:\Windows\System32\ATL.DLL
0x00007ffa15d20000 - 0x00007ffa15d52000 	C:\Windows\System32\MFSENSORGROUP.dll
0x00007ffa2a3f0000 - 0x00007ffa2a590000 	C:\Windows\System32\MFPlat.DLL
0x00007ffa2a3b0000 - 0x00007ffa2a3e2000 	C:\Windows\System32\RTWorkQ.DLL
0x00007ff9fb220000 - 0x00007ff9fb268000 	C:\Windows\System32\ksproxy.ax
0x00007ffa294f0000 - 0x00007ffa294f9000 	C:\Windows\System32\ksuser.dll
0x00007ffa3c420000 - 0x00007ffa3c497000 	C:\WINDOWS\SYSTEM32\policymanager.dll
0x00007ffa3c390000 - 0x00007ffa3c41f000 	C:\Windows\System32\msvcp110_win.dll
0x00007ffa33360000 - 0x00007ffa3336c000 	C:\Windows\System32\vidcap.ax
0x00007ffa23170000 - 0x00007ffa23196000 	C:\Windows\System32\kswdmcap.ax
0x00007ff9e7290000 - 0x00007ff9e73f4000 	C:\Windows\System32\MFC42.dll
0x00007ffa297e0000 - 0x00007ffa2987f000 	C:\Windows\System32\qedit.dll
0x00007ffa33490000 - 0x00007ffa33625000 	C:\WINDOWS\WinSxS\amd64_microsoft.windows.gdiplus_6595b64144ccf1df_1.1.15063.483_none_56eb200d4259be70\gdiplus.dll
0x00007ffa2fc20000 - 0x00007ffa2fd16000 	C:\Windows\System32\DDRAW.dll
0x00007ffa3ad60000 - 0x00007ffa3ad68000 	C:\Windows\System32\DCIMAN32.dll
0x0000000075990000 - 0x0000000075b28000 	C:\Program Files\Java\jdk1.8.0_131\jre\bin\awt.dll
0x00007ffa3af10000 - 0x00007ffa3af8e000 	C:\WINDOWS\SYSTEM32\apphelp.dll
0x00007ffa23e10000 - 0x00007ffa23eff000 	C:\Users\n000000930\.javacpp\cache\hdf5-1.10.0-patch1-1.3-windows-x86_64.jar\org\bytedeco\javacpp\windows-x86_64\msvcr120.dll
0x00007ffa22de0000 - 0x00007ffa22e86000 	C:\Users\n000000930\.javacpp\cache\hdf5-1.10.0-patch1-1.3-windows-x86_64.jar\org\bytedeco\javacpp\windows-x86_64\msvcp120.dll
0x00007ffa1e220000 - 0x00007ffa1e49a000 	C:\Users\n000000930\.javacpp\cache\opencv-3.1.0-1.3-windows-x86_64.jar\org\bytedeco\javacpp\windows-x86_64\opencv_core310.dll
0x00007ffa1c7c0000 - 0x00007ffa1cb02000 	C:\Users\n000000930\.javacpp\cache\opencv-3.1.0-1.3-windows-x86_64.jar\org\bytedeco\javacpp\windows-x86_64\opencv_imgproc310.dll
0x00007ffa1d770000 - 0x00007ffa1d997000 	C:\Users\n000000930\.javacpp\cache\opencv-3.1.0-1.3-windows-x86_64.jar\org\bytedeco\javacpp\windows-x86_64\jniopencv_core.dll
0x00007ffa22410000 - 0x00007ffa224fd000 	C:\Users\n000000930\.javacpp\cache\opencv-3.1.0-1.3-windows-x86_64.jar\org\bytedeco\javacpp\windows-x86_64\jniopencv_imgproc.dll
0x0000000075960000 - 0x0000000075984000 	C:\Program Files\Java\jdk1.8.0_131\jre\bin\sunec.dll
0x00007ffa3d810000 - 0x00007ffa3d847000 	C:\WINDOWS\SYSTEM32\IPHLPAPI.DLL
0x00007ffa40ca0000 - 0x00007ffa40ca8000 	C:\WINDOWS\System32\NSI.dll
0x00007ffa3b9d0000 - 0x00007ffa3b9e6000 	C:\WINDOWS\SYSTEM32\dhcpcsvc6.DLL
0x00007ffa3b9b0000 - 0x00007ffa3b9ca000 	C:\WINDOWS\SYSTEM32\dhcpcsvc.DLL

VM Arguments:
jvm_args: -Djava.library.path=C:\Program Files\NVIDIA GPU Computing Toolkit;C:\dev-soft\c_include\opencv3.2\build\bin -Djava.library.path=C:\dev-soft\c_include\opencv3.2\build\java\x64 -Xms4G -Xmx8G -Dorg.bytedeco.javacpp.maxbytes=8G -Dorg.bytedeco.javacpp.maxPhysicalBytes=8G -javaagent:C:\Program Files\JetBrains\IntelliJ IDEA Community Edition 2017.2\lib\idea_rt.jar=56239:C:\Program Files\JetBrains\IntelliJ IDEA Community Edition 2017.2\bin -Dfile.encoding=UTF-8 
java_command: com.ck.dl4j.vgg16.GUImain
java_class_path (initial): C:\Program Files\Java\jdk1.8.0_131\jre\lib\charsets.jar;C:\Program Files\Java\jdk1.8.0_131\jre\lib\deploy.jar;C:\Program Files\Java\jdk1.8.0_131\jre\lib\ext\access-bridge-64.jar;C:\Program Files\Java\jdk1.8.0_131\jre\lib\ext\cldrdata.jar;C:\Program Files\Java\jdk1.8.0_131\jre\lib\ext\dnsns.jar;C:\Program Files\Java\jdk1.8.0_131\jre\lib\ext\jaccess.jar;C:\Program Files\Java\jdk1.8.0_131\jre\lib\ext\jfxrt.jar;C:\Program Files\Java\jdk1.8.0_131\jre\lib\ext\localedata.jar;C:\Program Files\Java\jdk1.8.0_131\jre\lib\ext\nashorn.jar;C:\Program Files\Java\jdk1.8.0_131\jre\lib\ext\sunec.jar;C:\Program Files\Java\jdk1.8.0_131\jre\lib\ext\sunjce_provider.jar;C:\Program Files\Java\jdk1.8.0_131\jre\lib\ext\sunmscapi.jar;C:\Program Files\Java\jdk1.8.0_131\jre\lib\ext\sunpkcs11.jar;C:\Program Files\Java\jdk1.8.0_131\jre\lib\ext\zipfs.jar;C:\Program Files\Java\jdk1.8.0_131\jre\lib\javaws.jar;C:\Program Files\Java\jdk1.8.0_131\jre\lib\jce.jar;C:\Program Files\Java\jdk1.8.0_131\jre\lib\jfr.jar;C:\Program Files\Java\jdk1.8.0_131\jre\lib\jfxswt.jar;C:\Program Files\Java\jdk1.8.0_131\jre\lib\jsse.jar;C:\Program Files\Java\jdk1.8.0_131\jre\lib\management-agent.jar;C:\Program Files\Java\jdk1.8.0_131\jre\lib\plugin.jar;C:\Program Files\Java\jdk1.8.0_131\jre\lib\resources.jar;C:\Program Files\Java\jdk1.8.0_131\jre\lib\rt.jar;D:\WS\WS_ML\Java-OpenCV-DL4J-VGG16\target\classes;C:\Users\n000000930\.m2\repository\org\nd4j\nd4j-native-platform\0.8.0\nd4j-native-platform-0.8.0.jar;C:\Users\n000000930\.m2\repository\org\nd4j\nd4j-native\0.8.0\nd4j-native-0.8.0.jar;C:\Users\n000000930\.m2\repository\org\bytedeco\javacpp\1.3.2\javacpp-1.3.2.jar;C:\Users\n000000930\.m2\repository\org\bytedeco\javacpp-presets\openblas-platform\0.2.19-1.3\openblas-platform-0.2.19-1.3.jar;C:\Users\n000000930\.m2\repository\org\bytedeco\javacpp-presets\openblas\0.2.19-1.3\openblas-0.2.19-1.3.jar;C:\Users\n000000930\.m2\repository\org\bytedeco\javacpp-presets\openblas\0.2.19-1.3\openblas-0.2.19
Launcher Type: SUN_STANDARD

Environment Variables:
JAVA_HOME=C:\Program Files\Java\jdk1.8.0_131
PATH=C:\Program Files\NVIDIA GPU Computing Toolkit\CUDA\v8.0\bin;C:\Program Files\NVIDIA GPU Computing Toolkit\CUDA\v8.0\libnvvp;C:\ProgramData\Oracle\Java\javapath;C:\Program Files (x86)\Intel\iCLS Client\;C:\Program Files\Intel\iCLS Client\;C:\Windows\system32;C:\Windows;C:\Windows\System32\Wbem;C:\Windows\System32\WindowsPowerShell\v1.0\;C:\Program Files (x86)\NVIDIA Corporation\PhysX\Common;C:\Program Files (x86)\Intel\Intel(R) Management Engine Components\DAL;C:\Program Files\Intel\Intel(R) Management Engine Components\DAL;C:\Program Files (x86)\Intel\Intel(R) Management Engine Components\IPT;C:\Program Files\Intel\Intel(R) Management Engine Components\IPT;C:\Program Files\Intel\WiFi\bin\;C:\Program Files\Common Files\Intel\WirelessCommon\;C:\Program Files\nodejs\;C:\Program Files\Git\cmd;C:\Users\n000000930\AppData\Roaming\npm;C:\dev-soft\apache-maven-3.5.0\bin;C:\WINDOWS\system32;C:\WINDOWS;C:\WINDOWS\System32\Wbem;C:\WINDOWS\System32\WindowsPowerShell\v1.0\;C:\dev-soft\mingw-w64\i686-7.1.0-posix-dwarf-rt_v5-rev1\mingw32\bin;C:\dev-soft\CMake\bin;C:\Program Files (x86)\Windows Kits\8.1\Windows Performance Toolkit\;C:\Users\n000000930\AppData\Local\Microsoft\WindowsApps;
USERNAME=N000000930
OS=Windows_NT
PROCESSOR_IDENTIFIER=Intel64 Family 6 Model 158 Stepping 9, GenuineIntel



---------------  S Y S T E M  ---------------

OS: Windows 10.0 , 64 bit Build 15063 (10.0.15063.296)

CPU:total 8 (initial active 8) (4 cores per cpu, 2 threads per core) family 6 model 158 stepping 9, cmov, cx8, fxsr, mmx, sse, sse2, sse3, ssse3, sse4.1, sse4.2, popcnt, avx, avx2, aes, clmul, erms, 3dnowpref, lzcnt, ht, tsc, tscinvbit, bmi1, bmi2, adx

Memory: 4k page, physical 16695128k(2236312k free), swap 32154324k(4152k free)

vm_info: Java HotSpot(TM) 64-Bit Server VM (25.131-b11) for windows-amd64 JRE (1.8.0_131-b11), built on Mar 15 2017 01:23:53 by "java_re" with MS VC++ 10.0 (VS2010)

time: Fri Aug 25 15:57:18 2017
elapsed time: 52 seconds (0d 0h 0m 52s)

